  Validator.cpp
mysqlcppconn-static.lib(mysql_driver.obj) : warning LNK4099: PDB '' was not found with 'mysqlcppconn-static.lib(mysql_driver.obj)' or at ''; linking object as if no debug info
mysqlcppconn-static.lib(mysql_connection.obj) : warning LNK4099: PDB '' was not found with 'mysqlcppconn-static.lib(mysql_connection.obj)' or at ''; linking object as if no debug info
mysqlcppconn-static.lib(mysql_native_driver_wrapper.obj) : warning LNK4099: PDB '' was not found with 'mysqlcppconn-static.lib(mysql_native_driver_wrapper.obj)' or at ''; linking object as if no debug info
mysqlcppconn-static.lib(mysql_uri.obj) : warning LNK4099: PDB '' was not found with 'mysqlcppconn-static.lib(mysql_uri.obj)' or at ''; linking object as if no debug info
mysqlcppconn-static.lib(mysql_metadata.obj) : warning LNK4099: PDB '' was not found with 'mysqlcppconn-static.lib(mysql_metadata.obj)' or at ''; linking object as if no debug info
mysqlcppconn-static.lib(mysql_warning.obj) : warning LNK4099: PDB '' was not found with 'mysqlcppconn-static.lib(mysql_warning.obj)' or at ''; linking object as if no debug info
mysqlcppconn-static.lib(mysql_prepared_statement.obj) : warning LNK4099: PDB '' was not found with 'mysqlcppconn-static.lib(mysql_prepared_statement.obj)' or at ''; linking object as if no debug info
mysqlcppconn-static.lib(mysql_statement.obj) : warning LNK4099: PDB '' was not found with 'mysqlcppconn-static.lib(mysql_statement.obj)' or at ''; linking object as if no debug info
mysqlcppconn-static.lib(mysql_debug.obj) : warning LNK4099: PDB '' was not found with 'mysqlcppconn-static.lib(mysql_debug.obj)' or at ''; linking object as if no debug info
mysqlcppconn-static.lib(mysql_client_api.obj) : warning LNK4099: PDB '' was not found with 'mysqlcppconn-static.lib(mysql_client_api.obj)' or at ''; linking object as if no debug info
mysqlcppconn-static.lib(mysql_native_connection_wrapper.obj) : warning LNK4099: PDB '' was not found with 'mysqlcppconn-static.lib(mysql_native_connection_wrapper.obj)' or at ''; linking object as if no debug info
mysqlcppconn-static.lib(mysql_util.obj) : warning LNK4099: PDB '' was not found with 'mysqlcppconn-static.lib(mysql_util.obj)' or at ''; linking object as if no debug info
mysqlcppconn-static.lib(mysql_art_resultset.obj) : warning LNK4099: PDB '' was not found with 'mysqlcppconn-static.lib(mysql_art_resultset.obj)' or at ''; linking object as if no debug info
mysqlcppconn-static.lib(mysql_resultbind.obj) : warning LNK4099: PDB '' was not found with 'mysqlcppconn-static.lib(mysql_resultbind.obj)' or at ''; linking object as if no debug info
mysqlcppconn-static.lib(mysql_ps_resultset.obj) : warning LNK4099: PDB '' was not found with 'mysqlcppconn-static.lib(mysql_ps_resultset.obj)' or at ''; linking object as if no debug info
mysqlcppconn-static.lib(mysql_ps_resultset_metadata.obj) : warning LNK4099: PDB '' was not found with 'mysqlcppconn-static.lib(mysql_ps_resultset_metadata.obj)' or at ''; linking object as if no debug info
mysqlcppconn-static.lib(mysql_parameter_metadata.obj) : warning LNK4099: PDB '' was not found with 'mysqlcppconn-static.lib(mysql_parameter_metadata.obj)' or at ''; linking object as if no debug info
mysqlcppconn-static.lib(mysql_resultset.obj) : warning LNK4099: PDB '' was not found with 'mysqlcppconn-static.lib(mysql_resultset.obj)' or at ''; linking object as if no debug info
mysqlcppconn-static.lib(mysql_native_resultset_wrapper.obj) : warning LNK4099: PDB '' was not found with 'mysqlcppconn-static.lib(mysql_native_resultset_wrapper.obj)' or at ''; linking object as if no debug info
mysqlcppconn-static.lib(mysql_native_statement_wrapper.obj) : warning LNK4099: PDB '' was not found with 'mysqlcppconn-static.lib(mysql_native_statement_wrapper.obj)' or at ''; linking object as if no debug info
mysqlcppconn-static.lib(mysql_art_rset_metadata.obj) : warning LNK4099: PDB '' was not found with 'mysqlcppconn-static.lib(mysql_art_rset_metadata.obj)' or at ''; linking object as if no debug info
mysqlcppconn-static.lib(mysql_resultset_metadata.obj) : warning LNK4099: PDB '' was not found with 'mysqlcppconn-static.lib(mysql_resultset_metadata.obj)' or at ''; linking object as if no debug info
     Creating library D:\RedditClone-main\x64\Release\Reddit69.lib and object D:\RedditClone-main\x64\Release\Reddit69.exp
  Reddit69.vcxproj -> D:\RedditClone-main\x64\Release\Reddit69.exe
