d:\redditclone-main\x64\release\user.obj
d:\redditclone-main\x64\release\validatorexception.obj
d:\redditclone-main\x64\release\loginwindow.obj
d:\redditclone-main\x64\release\service.obj
d:\redditclone-main\x64\release\signupwindow.obj
d:\redditclone-main\x64\release\mylineedit.obj
d:\redditclone-main\x64\release\userrepository.obj
d:\redditclone-main\x64\release\reddit69.obj
d:\redditclone-main\x64\release\validator.obj
d:\redditclone-main\x64\release\main.obj
d:\redditclone-main\x64\release\forgotpassword.obj
d:\redditclone-main\x64\release\clickablelabel.obj
d:\redditclone-main\x64\release\moc_clickablelabel.obj
d:\redditclone-main\x64\release\moc_reddit69.obj
d:\redditclone-main\x64\release\moc_loginwindow.obj
d:\redditclone-main\x64\release\moc_mylineedit.obj
d:\redditclone-main\x64\release\qrc_reddit69.obj
d:\redditclone-main\x64\release\moc_forgotpassword.obj
d:\redditclone-main\x64\release\moc_signupwindow.obj
d:\redditclone-main\x64\release\reddit69.lib
d:\redditclone-main\x64\release\reddit69.exp
d:\c++ projects\reddit clone\x64\release\reddit69.lib
d:\c++ projects\reddit clone\x64\release\reddit69.exp
d:\c++ projects\reddit\x64\release\reddit69.lib
d:\c++ projects\reddit\x64\release\reddit69.exp
d:\c++ projects\reddit1\x64\release\reddit69.lib
d:\c++ projects\reddit1\x64\release\reddit69.exp
d:\redditclone-main\x64\release\reddit69.exe
d:\redditclone-main\x64\release\reddit69.pdb
d:\redditclone-main\x64\release\moc\moc_forgotpassword.cpp
d:\redditclone-main\x64\release\uic\ui_loginwindow.h
d:\redditclone-main\x64\release\uic\ui_reddit69.h
d:\redditclone-main\x64\release\uic\ui_signupwindow.h
d:\redditclone-main\x64\release\rcc\qrc_reddit69.cpp
d:\redditclone-main\x64\release\moc\moc_reddit69.cpp
d:\redditclone-main\x64\release\moc\moc_loginwindow.cpp
d:\redditclone-main\x64\release\moc\moc_signupwindow.cpp
d:\c++ projects\reddit clone\x64\release\uic\ui_loginwindow.h
d:\c++ projects\reddit clone\x64\release\uic\ui_reddit69.h
d:\c++ projects\reddit clone\x64\release\uic\ui_signupwindow.h
d:\c++ projects\reddit clone\x64\release\rcc\qrc_reddit69.cpp
d:\c++ projects\reddit clone\x64\release\moc\moc_reddit69.cpp
d:\c++ projects\reddit clone\x64\release\moc\moc_loginwindow.cpp
d:\c++ projects\reddit clone\x64\release\moc\moc_signupwindow.cpp
d:\c++ projects\reddit\x64\release\uic\ui_loginwindow.h
d:\c++ projects\reddit\x64\release\uic\ui_reddit69.h
d:\c++ projects\reddit\x64\release\uic\ui_signupwindow.h
d:\c++ projects\reddit\x64\release\rcc\qrc_reddit69.cpp
d:\c++ projects\reddit\x64\release\moc\moc_reddit69.cpp
d:\c++ projects\reddit\x64\release\moc\moc_loginwindow.cpp
d:\c++ projects\reddit\x64\release\moc\moc_signupwindow.cpp
d:\c++ projects\reddit\x64\release\moc\moc_mylineedit.cpp
d:\redditclone-main\x64\release\moc\moc_mylineedit.cpp
d:\c++ projects\reddit1\x64\release\uic\ui_loginwindow.h
d:\c++ projects\reddit1\x64\release\uic\ui_reddit69.h
d:\c++ projects\reddit1\x64\release\uic\ui_signupwindow.h
d:\c++ projects\reddit1\x64\release\rcc\qrc_reddit69.cpp
d:\c++ projects\reddit1\x64\release\moc\moc_reddit69.cpp
d:\c++ projects\reddit1\x64\release\moc\moc_loginwindow.cpp
d:\c++ projects\reddit1\x64\release\moc\moc_signupwindow.cpp
d:\c++ projects\reddit1\x64\release\moc\moc_mylineedit.cpp
d:\redditclone-main\x64\release\moc\moc_clickablelabel.cpp
d:\redditclone-main\x64\release\uic\ui_forgotpassword.h
d:\c++ projects\reddit\x64\release\uic\ui_forgotpassword.h
d:\c++ projects\reddit\x64\release\moc\moc_clickablelabel.cpp
d:\c++ projects\reddit\x64\release\moc\moc_forgotpassword.cpp
d:\redditclone-main\x64\release\reddit69.tlog\cl.command.1.tlog
d:\redditclone-main\x64\release\reddit69.tlog\cl.items.tlog
d:\redditclone-main\x64\release\reddit69.tlog\cl.read.1.tlog
d:\redditclone-main\x64\release\reddit69.tlog\cl.write.1.tlog
d:\redditclone-main\x64\release\reddit69.tlog\link.command.1.tlog
d:\redditclone-main\x64\release\reddit69.tlog\link.read.1.tlog
d:\redditclone-main\x64\release\reddit69.tlog\link.write.1.tlog
d:\redditclone-main\x64\release\reddit69.tlog\link.write.2u.tlog
d:\redditclone-main\x64\release\reddit69.tlog\moc.read.1u.tlog
d:\redditclone-main\x64\release\reddit69.tlog\moc.write.1u.tlog
d:\redditclone-main\x64\release\reddit69.tlog\reddit69.write.1u.tlog
d:\redditclone-main\x64\release\reddit69.tlog\uic.read.1u.tlog
d:\redditclone-main\x64\release\reddit69.tlog\uic.write.1u.tlog
